INFO: [VRFC 10-2263] Analyzing Verilog file "D:/Naif Mehanna/Documents/Cours/IMA4/CNP/projet_cnp_rihme/MicroControlCNP/MicroControlCNP.sim/sim_1/synth/timing/main_tb_time_synth.v" into library xil_defaultlib
INFO: [VRFC 10-311] analyzing module ClockingModule
INFO: [VRFC 10-311] analyzing module RAM32M_UNIQ_BASE_
INFO: [VRFC 10-311] analyzing module RAM32M_HD21
INFO: [VRFC 10-311] analyzing module RAM32M_HD22
INFO: [VRFC 10-311] analyzing module RAM32M_HD23
INFO: [VRFC 10-311] analyzing module RAM32M_HD24
INFO: [VRFC 10-311] analyzing module RAM32M_HD25
INFO: [VRFC 10-311] analyzing module RAM32X1S_UNIQ_BASE_
INFO: [VRFC 10-311] analyzing module RAM32X1S_HD26
INFO: [VRFC 10-311] analyzing module RAM32X1S_HD27
INFO: [VRFC 10-311] analyzing module RAM32X1S_HD28
INFO: [VRFC 10-311] analyzing module RAM32X1S_HD29
INFO: [VRFC 10-311] analyzing module RAM32X1S_HD30
INFO: [VRFC 10-311] analyzing module RAM32X1S_HD31
INFO: [VRFC 10-311] analyzing module RAM32X1S_HD32
INFO: [VRFC 10-311] analyzing module RAM32X1S_HD33
INFO: [VRFC 10-311] analyzing module RAM32X1S_HD34
INFO: [VRFC 10-311] analyzing module RAM32X1S_HD35
INFO: [VRFC 10-311] analyzing module RAM32X1S_HD36
INFO: [VRFC 10-311] analyzing module RAM32X1S_HD37
INFO: [VRFC 10-311] analyzing module RAM32X1S_HD38
INFO: [VRFC 10-311] analyzing module RAM32X1S_HD39
INFO: [VRFC 10-311] analyzing module RAM32X1S_HD40
INFO: [VRFC 10-311] analyzing module alu
INFO: [VRFC 10-311] analyzing module controlunit
INFO: [VRFC 10-311] analyzing module decoder
INFO: [VRFC 10-311] analyzing module program_counter
INFO: [VRFC 10-311] analyzing module ram16
INFO: [VRFC 10-311] analyzing module reg16_8
INFO: [VRFC 10-311] analyzing module topmodule
INFO: [VRFC 10-311] analyzing module glbl
