
*** Running vivado
    with args -log topmodule.vds -m64 -mode batch -messageDb vivado.pb -notrace -source topmodule.tcl


****** Vivado v2015.4 (64-bit)
  **** SW Build 1412921 on Wed Nov 18 09:43:45 MST 2015
  **** IP Build 1412160 on Tue Nov 17 13:47:24 MST 2015
    ** Copyright 1986-2015 Xilinx, Inc. All Rights Reserved.

source topmodule.tcl -notrace
Command: synth_design -top topmodule -part xc7a35tcpg236-1
Starting synth_design
Attempting to get a license for feature 'Synthesis' and/or device 'xc7a35t'
INFO: [Common 17-349] Got license for feature 'Synthesis' and/or device 'xc7a35t'
---------------------------------------------------------------------------------
Starting RTL Elaboration : Time (s): cpu = 00:00:05 ; elapsed = 00:00:05 . Memory (MB): peak = 285.695 ; gain = 114.492
---------------------------------------------------------------------------------
WARNING: [Synth 8-1565] actual for formal port i_en is neither a static name nor a globally static expression [D:/Naif Mehanna/Documents/Cours/IMA4/CNP/projet_cnp_rihme/MicroControlCNP/MicroControlCNP.srcs/sources_1/new/topmodule.vhd:199]
WARNING: [Synth 8-1565] actual for formal port i_we is neither a static name nor a globally static expression [D:/Naif Mehanna/Documents/Cours/IMA4/CNP/projet_cnp_rihme/MicroControlCNP/MicroControlCNP.srcs/sources_1/new/topmodule.vhd:206]
INFO: [Synth 8-638] synthesizing module 'topmodule' [D:/Naif Mehanna/Documents/Cours/IMA4/CNP/projet_cnp_rihme/MicroControlCNP/MicroControlCNP.srcs/sources_1/new/topmodule.vhd:42]
INFO: [Synth 8-3491] module 'ClockingModule' declared at 'D:/Naif Mehanna/Documents/Cours/IMA4/CNP/projet_cnp_rihme/MicroControlCNP/MicroControlCNP.srcs/sources_1/new/ClockingModule.vhd:34' bound to instance 'uut_clockingmodule' of component 'ClockingModule' [D:/Naif Mehanna/Documents/Cours/IMA4/CNP/projet_cnp_rihme/MicroControlCNP/MicroControlCNP.srcs/sources_1/new/topmodule.vhd:160]
INFO: [Synth 8-638] synthesizing module 'ClockingModule' [D:/Naif Mehanna/Documents/Cours/IMA4/CNP/projet_cnp_rihme/MicroControlCNP/MicroControlCNP.srcs/sources_1/new/ClockingModule.vhd:40]
INFO: [Synth 8-256] done synthesizing module 'ClockingModule' (1#1) [D:/Naif Mehanna/Documents/Cours/IMA4/CNP/projet_cnp_rihme/MicroControlCNP/MicroControlCNP.srcs/sources_1/new/ClockingModule.vhd:40]
INFO: [Synth 8-3491] module 'decoder' declared at 'D:/Naif Mehanna/Documents/Cours/IMA4/CNP/projet_cnp_rihme/MicroControlCNP/MicroControlCNP.srcs/sources_1/new/decoder.vhd:34' bound to instance 'dec' of component 'decoder' [D:/Naif Mehanna/Documents/Cours/IMA4/CNP/projet_cnp_rihme/MicroControlCNP/MicroControlCNP.srcs/sources_1/new/topmodule.vhd:165]
INFO: [Synth 8-638] synthesizing module 'decoder' [D:/Naif Mehanna/Documents/Cours/IMA4/CNP/projet_cnp_rihme/MicroControlCNP/MicroControlCNP.srcs/sources_1/new/decoder.vhd:46]
WARNING: [Synth 8-614] signal 'I_enable' is read in the process but is not in the sensitivity list [D:/Naif Mehanna/Documents/Cours/IMA4/CNP/projet_cnp_rihme/MicroControlCNP/MicroControlCNP.srcs/sources_1/new/decoder.vhd:49]
INFO: [Synth 8-256] done synthesizing module 'decoder' (2#1) [D:/Naif Mehanna/Documents/Cours/IMA4/CNP/projet_cnp_rihme/MicroControlCNP/MicroControlCNP.srcs/sources_1/new/decoder.vhd:46]
INFO: [Synth 8-3491] module 'controlunit' declared at 'D:/Naif Mehanna/Documents/Cours/IMA4/CNP/projet_cnp_rihme/MicroControlCNP/MicroControlCNP.srcs/sources_1/new/controlunit.vhd:34' bound to instance 'uut_controlunit' of component 'controlunit' [D:/Naif Mehanna/Documents/Cours/IMA4/CNP/projet_cnp_rihme/MicroControlCNP/MicroControlCNP.srcs/sources_1/new/topmodule.vhd:177]
INFO: [Synth 8-638] synthesizing module 'controlunit' [D:/Naif Mehanna/Documents/Cours/IMA4/CNP/projet_cnp_rihme/MicroControlCNP/MicroControlCNP.srcs/sources_1/new/controlunit.vhd:40]
INFO: [Synth 8-256] done synthesizing module 'controlunit' (3#1) [D:/Naif Mehanna/Documents/Cours/IMA4/CNP/projet_cnp_rihme/MicroControlCNP/MicroControlCNP.srcs/sources_1/new/controlunit.vhd:40]
INFO: [Synth 8-3491] module 'alu' declared at 'D:/Naif Mehanna/Documents/Cours/IMA4/CNP/projet_cnp_rihme/MicroControlCNP/MicroControlCNP.srcs/sources_1/new/alu.vhd:37' bound to instance 'uut_alu' of component 'alu' [D:/Naif Mehanna/Documents/Cours/IMA4/CNP/projet_cnp_rihme/MicroControlCNP/MicroControlCNP.srcs/sources_1/new/topmodule.vhd:183]
INFO: [Synth 8-638] synthesizing module 'alu' [D:/Naif Mehanna/Documents/Cours/IMA4/CNP/projet_cnp_rihme/MicroControlCNP/MicroControlCNP.srcs/sources_1/new/alu.vhd:51]
INFO: [Synth 8-256] done synthesizing module 'alu' (4#1) [D:/Naif Mehanna/Documents/Cours/IMA4/CNP/projet_cnp_rihme/MicroControlCNP/MicroControlCNP.srcs/sources_1/new/alu.vhd:51]
INFO: [Synth 8-3491] module 'reg16_8' declared at 'D:/Naif Mehanna/Documents/Cours/IMA4/CNP/projet_cnp_rihme/MicroControlCNP/MicroControlCNP.srcs/sources_1/imports/new/reg16_8.vhd:34' bound to instance 'uut_ram' of component 'reg16_8' [D:/Naif Mehanna/Documents/Cours/IMA4/CNP/projet_cnp_rihme/MicroControlCNP/MicroControlCNP.srcs/sources_1/new/topmodule.vhd:197]
INFO: [Synth 8-638] synthesizing module 'reg16_8' [D:/Naif Mehanna/Documents/Cours/IMA4/CNP/projet_cnp_rihme/MicroControlCNP/MicroControlCNP.srcs/sources_1/imports/new/reg16_8.vhd:46]
WARNING: [Synth 8-614] signal 'I_en' is read in the process but is not in the sensitivity list [D:/Naif Mehanna/Documents/Cours/IMA4/CNP/projet_cnp_rihme/MicroControlCNP/MicroControlCNP.srcs/sources_1/imports/new/reg16_8.vhd:50]
INFO: [Synth 8-256] done synthesizing module 'reg16_8' (5#1) [D:/Naif Mehanna/Documents/Cours/IMA4/CNP/projet_cnp_rihme/MicroControlCNP/MicroControlCNP.srcs/sources_1/imports/new/reg16_8.vhd:46]
INFO: [Synth 8-3491] module 'ram16' declared at 'D:/Naif Mehanna/Documents/Cours/IMA4/CNP/projet_cnp_rihme/MicroControlCNP/MicroControlCNP.srcs/sources_1/new/ram16.vhd:36' bound to instance 'uut_ram16' of component 'ram16' [D:/Naif Mehanna/Documents/Cours/IMA4/CNP/projet_cnp_rihme/MicroControlCNP/MicroControlCNP.srcs/sources_1/new/topmodule.vhd:210]
INFO: [Synth 8-638] synthesizing module 'ram16' [D:/Naif Mehanna/Documents/Cours/IMA4/CNP/projet_cnp_rihme/MicroControlCNP/MicroControlCNP.srcs/sources_1/new/ram16.vhd:44]
INFO: [Synth 8-256] done synthesizing module 'ram16' (6#1) [D:/Naif Mehanna/Documents/Cours/IMA4/CNP/projet_cnp_rihme/MicroControlCNP/MicroControlCNP.srcs/sources_1/new/ram16.vhd:44]
INFO: [Synth 8-3491] module 'program_counter' declared at 'D:/Naif Mehanna/Documents/Cours/IMA4/CNP/projet_cnp_rihme/MicroControlCNP/MicroControlCNP.srcs/sources_1/new/program_counter.vhd:37' bound to instance 'uut_pc' of component 'program_counter' [D:/Naif Mehanna/Documents/Cours/IMA4/CNP/projet_cnp_rihme/MicroControlCNP/MicroControlCNP.srcs/sources_1/new/topmodule.vhd:218]
INFO: [Synth 8-638] synthesizing module 'program_counter' [D:/Naif Mehanna/Documents/Cours/IMA4/CNP/projet_cnp_rihme/MicroControlCNP/MicroControlCNP.srcs/sources_1/new/program_counter.vhd:44]
INFO: [Synth 8-226] default block is never used [D:/Naif Mehanna/Documents/Cours/IMA4/CNP/projet_cnp_rihme/MicroControlCNP/MicroControlCNP.srcs/sources_1/new/program_counter.vhd:50]
INFO: [Synth 8-256] done synthesizing module 'program_counter' (7#1) [D:/Naif Mehanna/Documents/Cours/IMA4/CNP/projet_cnp_rihme/MicroControlCNP/MicroControlCNP.srcs/sources_1/new/program_counter.vhd:44]
WARNING: [Synth 8-3936] Found unconnected internal register 'leds_reg' and it is trimmed from '16' to '15' bits. [D:/Naif Mehanna/Documents/Cours/IMA4/CNP/projet_cnp_rihme/MicroControlCNP/MicroControlCNP.srcs/sources_1/new/topmodule.vhd:246]
INFO: [Synth 8-256] done synthesizing module 'topmodule' (8#1) [D:/Naif Mehanna/Documents/Cours/IMA4/CNP/projet_cnp_rihme/MicroControlCNP/MicroControlCNP.srcs/sources_1/new/topmodule.vhd:42]
WARNING: [Synth 8-3331] design topmodule has unconnected port I_switch[3]
WARNING: [Synth 8-3331] design topmodule has unconnected port I_switch[2]
WARNING: [Synth 8-3331] design topmodule has unconnected port I_switch[1]
---------------------------------------------------------------------------------
Finished RTL Elaboration : Time (s): cpu = 00:00:06 ; elapsed = 00:00:06 . Memory (MB): peak = 321.953 ; gain = 150.750
---------------------------------------------------------------------------------

Report Check Netlist: 
+------+------------------+-------+---------+-------+------------------+
|      |Item              |Errors |Warnings |Status |Description       |
+------+------------------+-------+---------+-------+------------------+
|1     |multi_driven_nets |      0|        0|Passed |Multi driven nets |
+------+------------------+-------+---------+-------+------------------+
---------------------------------------------------------------------------------
Finished RTL Optimization Phase 1 : Time (s): cpu = 00:00:06 ; elapsed = 00:00:06 . Memory (MB): peak = 321.953 ; gain = 150.750
---------------------------------------------------------------------------------
INFO: [Device 21-403] Loading part xc7a35tcpg236-1
INFO: [Project 1-570] Preparing netlist for logic optimization

Processing XDC Constraints
Initializing timing engine
Parsing XDC File [D:/Naif Mehanna/Documents/Cours/IMA4/CNP/projet_cnp_rihme/MicroControlCNP/MicroControlCNP.srcs/constrs_1/new/constraints.xdc]
Finished Parsing XDC File [D:/Naif Mehanna/Documents/Cours/IMA4/CNP/projet_cnp_rihme/MicroControlCNP/MicroControlCNP.srcs/constrs_1/new/constraints.xdc]
INFO: [Project 1-236] Implementation specific constraints were found while reading constraint file [D:/Naif Mehanna/Documents/Cours/IMA4/CNP/projet_cnp_rihme/MicroControlCNP/MicroControlCNP.srcs/constrs_1/new/constraints.xdc]. These constraints will be ignored for synthesis but will be used in implementation. Impacted constraints are listed in the file [.Xil/topmodule_propImpl.xdc].
Resolution: To avoid this warning, move constraints listed in [.Xil/topmodule_propImpl.xdc] to another XDC file and exclude this new file from synthesis with the used_in_synthesis property (File Properties dialog in GUI) and re-run elaboration/synthesis.
Completed Processing XDC Constraints

INFO: [Project 1-111] Unisim Transformation Summary:
No Unisim elements were transformed.

Constraint Validation Runtime : Time (s): cpu = 00:00:00 ; elapsed = 00:00:00 . Memory (MB): peak = 603.297 ; gain = 0.000
---------------------------------------------------------------------------------
Finished Constraint Validation : Time (s): cpu = 00:00:13 ; elapsed = 00:00:13 . Memory (MB): peak = 603.297 ; gain = 432.094
---------------------------------------------------------------------------------
---------------------------------------------------------------------------------
Start Loading Part and Timing Information
---------------------------------------------------------------------------------
Loading part: xc7a35tcpg236-1
---------------------------------------------------------------------------------
Finished Loading Part and Timing Information : Time (s): cpu = 00:00:13 ; elapsed = 00:00:13 . Memory (MB): peak = 603.297 ; gain = 432.094
---------------------------------------------------------------------------------
---------------------------------------------------------------------------------
Start Applying 'set_property' XDC Constraints
---------------------------------------------------------------------------------
---------------------------------------------------------------------------------
Finished applying 'set_property' XDC Constraints : Time (s): cpu = 00:00:13 ; elapsed = 00:00:13 . Memory (MB): peak = 603.297 ; gain = 432.094
---------------------------------------------------------------------------------
INFO: [Synth 8-5545] ROM "temp" won't be mapped to RAM because address size (27) is larger than maximum supported(25)
INFO: [Synth 8-5544] ROM "O_regDwe" won't be mapped to Block RAM because address size (4) smaller than threshold (5)
INFO: [Synth 8-3898] No Re-encoding of one hot register 's_state_reg' in module 'controlunit'
INFO: [Synth 8-5546] ROM "s_state" won't be mapped to RAM because it is too sparse
INFO: [Synth 8-3537] HDL ADVISOR - The operator resource <adder> is shared. To prevent sharing consider applying a KEEP on the inputs of the operator [D:/Naif Mehanna/Documents/Cours/IMA4/CNP/projet_cnp_rihme/MicroControlCNP/MicroControlCNP.srcs/sources_1/new/alu.vhd:69]
INFO: [Synth 8-3537] HDL ADVISOR - The operator resource <adder> is shared. To prevent sharing consider applying a KEEP on the inputs of the operator [D:/Naif Mehanna/Documents/Cours/IMA4/CNP/projet_cnp_rihme/MicroControlCNP/MicroControlCNP.srcs/sources_1/new/alu.vhd:61]
---------------------------------------------------------------------------------
Finished RTL Optimization Phase 2 : Time (s): cpu = 00:00:13 ; elapsed = 00:00:13 . Memory (MB): peak = 603.297 ; gain = 432.094
---------------------------------------------------------------------------------

Report RTL Partitions: 
+-+--------------+------------+----------+
| |RTL Partition |Replication |Instances |
+-+--------------+------------+----------+
+-+--------------+------------+----------+
---------------------------------------------------------------------------------
Start RTL Component Statistics 
---------------------------------------------------------------------------------
Detailed RTL Component Info : 
+---Adders : 
	   2 Input     27 Bit       Adders := 1     
	   3 Input     17 Bit       Adders := 1     
	   2 Input     17 Bit       Adders := 1     
	   2 Input     16 Bit       Adders := 2     
+---Registers : 
	               27 Bit    Registers := 1     
	               18 Bit    Registers := 1     
	               16 Bit    Registers := 5     
	               15 Bit    Registers := 1     
	                5 Bit    Registers := 2     
	                3 Bit    Registers := 3     
	                1 Bit    Registers := 4     
+---RAMs : 
	              128 Bit         RAMs := 2     
+---Muxes : 
	  10 Input     18 Bit        Muxes := 1     
	   9 Input     18 Bit        Muxes := 1     
	   2 Input     17 Bit        Muxes := 4     
	   2 Input     16 Bit        Muxes := 2     
	   4 Input     16 Bit        Muxes := 1     
	   6 Input      5 Bit        Muxes := 1     
	   2 Input      2 Bit        Muxes := 2     
	   4 Input      1 Bit        Muxes := 2     
	   9 Input      1 Bit        Muxes := 2     
---------------------------------------------------------------------------------
Finished RTL Component Statistics 
---------------------------------------------------------------------------------
---------------------------------------------------------------------------------
Start RTL Hierarchical Component Statistics 
---------------------------------------------------------------------------------
Hierarchical RTL Component report 
Module topmodule 
Detailed RTL Component Info : 
+---Registers : 
	               15 Bit    Registers := 1     
+---Muxes : 
	   2 Input      2 Bit        Muxes := 2     
Module ClockingModule 
Detailed RTL Component Info : 
+---Adders : 
	   2 Input     27 Bit       Adders := 1     
+---Registers : 
	               27 Bit    Registers := 1     
	                1 Bit    Registers := 1     
Module decoder 
Detailed RTL Component Info : 
+---Registers : 
	               16 Bit    Registers := 1     
	                5 Bit    Registers := 1     
	                3 Bit    Registers := 3     
	                1 Bit    Registers := 1     
+---Muxes : 
	   4 Input      1 Bit        Muxes := 1     
Module controlunit 
Detailed RTL Component Info : 
+---Registers : 
	                5 Bit    Registers := 1     
+---Muxes : 
	   6 Input      5 Bit        Muxes := 1     
Module alu 
Detailed RTL Component Info : 
+---Adders : 
	   3 Input     17 Bit       Adders := 1     
	   2 Input     17 Bit       Adders := 1     
	   2 Input     16 Bit       Adders := 1     
+---Registers : 
	               18 Bit    Registers := 1     
	                1 Bit    Registers := 2     
+---Muxes : 
	  10 Input     18 Bit        Muxes := 1     
	   9 Input     18 Bit        Muxes := 1     
	   2 Input     17 Bit        Muxes := 4     
	   2 Input     16 Bit        Muxes := 2     
	   9 Input      1 Bit        Muxes := 2     
Module reg16_8 
Detailed RTL Component Info : 
+---Registers : 
	               16 Bit    Registers := 2     
+---RAMs : 
	              128 Bit         RAMs := 1     
Module ram16 
Detailed RTL Component Info : 
+---Registers : 
	               16 Bit    Registers := 1     
+---RAMs : 
	              128 Bit         RAMs := 1     
Module program_counter 
Detailed RTL Component Info : 
+---Adders : 
	   2 Input     16 Bit       Adders := 1     
+---Registers : 
	               16 Bit    Registers := 1     
+---Muxes : 
	   4 Input     16 Bit        Muxes := 1     
	   4 Input      1 Bit        Muxes := 1     
---------------------------------------------------------------------------------
Finished RTL Hierarchical Component Statistics
---------------------------------------------------------------------------------
---------------------------------------------------------------------------------
Start Part Resource Summary
---------------------------------------------------------------------------------
Part Resources:
DSPs: 90 (col length:60)
BRAMs: 100 (col length: RAMB18 60 RAMB36 30)
---------------------------------------------------------------------------------
Finished Part Resource Summary
---------------------------------------------------------------------------------
Start Parallel Synthesis Optimization  : Time (s): cpu = 00:00:13 ; elapsed = 00:00:13 . Memory (MB): peak = 603.297 ; gain = 432.094
---------------------------------------------------------------------------------
Start Cross Boundary Optimization
---------------------------------------------------------------------------------
WARNING: [Synth 8-3936] Found unconnected internal register 'dec/O_imm_reg' and it is trimmed from '16' to '11' bits. [D:/Naif Mehanna/Documents/Cours/IMA4/CNP/projet_cnp_rihme/MicroControlCNP/MicroControlCNP.srcs/sources_1/new/decoder.vhd:56]
INFO: [Synth 8-5545] ROM "uut_clockingmodule/temp" won't be mapped to RAM because address size (27) is larger than maximum supported(25)
WARNING: [Synth 8-3331] design topmodule has unconnected port I_switch[3]
WARNING: [Synth 8-3331] design topmodule has unconnected port I_switch[2]
WARNING: [Synth 8-3331] design topmodule has unconnected port I_switch[1]
---------------------------------------------------------------------------------
Finished Cross Boundary Optimization : Time (s): cpu = 00:00:13 ; elapsed = 00:00:14 . Memory (MB): peak = 603.297 ; gain = 432.094
---------------------------------------------------------------------------------
Finished Parallel Reinference  : Time (s): cpu = 00:00:13 ; elapsed = 00:00:14 . Memory (MB): peak = 603.297 ; gain = 432.094

Report RTL Partitions: 
+-+--------------+------------+----------+
| |RTL Partition |Replication |Instances |
+-+--------------+------------+----------+
+-+--------------+------------+----------+
---------------------------------------------------------------------------------
Start ROM, RAM, DSP and Shift Register Reporting
---------------------------------------------------------------------------------

Distributed RAM: 
+------------+----------------------+-----------+----------------------+-----------------+-------------------+
|Module Name | RTL Object           | Inference | Size (Depth x Width) | Primitives      | Hierarchical Name | 
+------------+----------------------+-----------+----------------------+-----------------+-------------------+
|topmodule   | uut_ram/regs_reg     | Implied   | 8 x 16               | RAM32M x 6      | topmodule/ram__2  | 
|topmodule   | uut_ram16/ram_16_reg | Implied   | 8 x 16               | RAM16X1S x 16   | topmodule/ram__3  | 
+------------+----------------------+-----------+----------------------+-----------------+-------------------+

Note: The table above shows the Distributed RAMs at the current stage of the synthesis flow. Some Distributed RAMs may be reimplemented as non Distributed RAM primitives later in the synthesis flow. Multiple instantiated RAMs are reported only once. "Hierarchical Name" reflects the Distributed RAM name as it appears in the hierarchical module and only part of it is displayed.
---------------------------------------------------------------------------------
Finished ROM, RAM, DSP and Shift Register Reporting
---------------------------------------------------------------------------------
---------------------------------------------------------------------------------
Start Area Optimization
---------------------------------------------------------------------------------
INFO: [Synth 8-3886] merging instance '\dec/O_selA_reg[0] ' (FDE) to '\dec/O_imm_reg[5] '
INFO: [Synth 8-3886] merging instance '\dec/O_selA_reg[1] ' (FDE) to '\dec/O_imm_reg[6] '
INFO: [Synth 8-3886] merging instance '\dec/O_selA_reg[2] ' (FDE) to '\dec/O_imm_reg[7] '
INFO: [Synth 8-3886] merging instance '\dec/O_imm_reg[0] ' (FDE) to '\dec/O_imm_reg[8] '
INFO: [Synth 8-3886] merging instance '\dec/O_imm_reg[1] ' (FDE) to '\dec/O_imm_reg[9] '
INFO: [Synth 8-3886] merging instance '\dec/O_imm_reg[2] ' (FDE) to '\dec/O_imm_reg[10] '
INFO: [Synth 8-3886] merging instance '\dec/O_imm_reg[3] ' (FDE) to '\dec/O_selB_reg[1] '
INFO: [Synth 8-3886] merging instance '\dec/O_imm_reg[4] ' (FDE) to '\dec/O_selB_reg[2] '
INFO: [Synth 8-3886] merging instance '\dec/O_imm_reg[10] ' (FDE) to '\dec/O_selB_reg[0] '
WARNING: [Synth 8-3332] Sequential element (\dec/O_imm_reg[2] ) is unused and will be removed from module topmodule.
WARNING: [Synth 8-3332] Sequential element (\dec/O_imm_reg[1] ) is unused and will be removed from module topmodule.
WARNING: [Synth 8-3332] Sequential element (\dec/O_imm_reg[0] ) is unused and will be removed from module topmodule.
WARNING: [Synth 8-3332] Sequential element (\uut_alu/s_result_reg[17] ) is unused and will be removed from module topmodule.
WARNING: [Synth 8-3332] Sequential element (\uut_alu/s_result_reg[16] ) is unused and will be removed from module topmodule.
WARNING: [Synth 8-3332] Sequential element (\dec/O_selA_reg[0] ) is unused and will be removed from module topmodule.
WARNING: [Synth 8-3332] Sequential element (\dec/O_selA_reg[1] ) is unused and will be removed from module topmodule.
WARNING: [Synth 8-3332] Sequential element (\dec/O_selA_reg[2] ) is unused and will be removed from module topmodule.
WARNING: [Synth 8-3332] Sequential element (\dec/O_imm_reg[3] ) is unused and will be removed from module topmodule.
WARNING: [Synth 8-3332] Sequential element (\dec/O_imm_reg[4] ) is unused and will be removed from module topmodule.
WARNING: [Synth 8-3332] Sequential element (\dec/O_imm_reg[10] ) is unused and will be removed from module topmodule.
---------------------------------------------------------------------------------
Finished Area Optimization : Time (s): cpu = 00:00:14 ; elapsed = 00:00:15 . Memory (MB): peak = 603.297 ; gain = 432.094
---------------------------------------------------------------------------------
Finished Parallel Area Optimization  : Time (s): cpu = 00:00:14 ; elapsed = 00:00:15 . Memory (MB): peak = 603.297 ; gain = 432.094

Report RTL Partitions: 
+-+--------------+------------+----------+
| |RTL Partition |Replication |Instances |
+-+--------------+------------+----------+
+-+--------------+------------+----------+
---------------------------------------------------------------------------------
Start Timing Optimization
---------------------------------------------------------------------------------
---------------------------------------------------------------------------------
Start Applying XDC Timing Constraints
---------------------------------------------------------------------------------
---------------------------------------------------------------------------------
Finished Applying XDC Timing Constraints : Time (s): cpu = 00:00:23 ; elapsed = 00:00:24 . Memory (MB): peak = 603.297 ; gain = 432.094
---------------------------------------------------------------------------------
---------------------------------------------------------------------------------
Finished Timing Optimization : Time (s): cpu = 00:00:23 ; elapsed = 00:00:24 . Memory (MB): peak = 603.297 ; gain = 432.094
---------------------------------------------------------------------------------

Report RTL Partitions: 
+-+--------------+------------+----------+
| |RTL Partition |Replication |Instances |
+-+--------------+------------+----------+
+-+--------------+------------+----------+
---------------------------------------------------------------------------------
Start Technology Mapping
---------------------------------------------------------------------------------
---------------------------------------------------------------------------------
Finished Technology Mapping : Time (s): cpu = 00:00:23 ; elapsed = 00:00:24 . Memory (MB): peak = 603.297 ; gain = 432.094
---------------------------------------------------------------------------------
Finished Parallel Technology Mapping Optimization  : Time (s): cpu = 00:00:23 ; elapsed = 00:00:24 . Memory (MB): peak = 603.297 ; gain = 432.094

Report RTL Partitions: 
+-+--------------+------------+----------+
| |RTL Partition |Replication |Instances |
+-+--------------+------------+----------+
+-+--------------+------------+----------+
Finished Parallel Synthesis Optimization  : Time (s): cpu = 00:00:23 ; elapsed = 00:00:24 . Memory (MB): peak = 603.297 ; gain = 432.094
---------------------------------------------------------------------------------
Start IO Insertion
---------------------------------------------------------------------------------
---------------------------------------------------------------------------------
Start Flattening Before IO Insertion
---------------------------------------------------------------------------------
---------------------------------------------------------------------------------
Finished Flattening Before IO Insertion
---------------------------------------------------------------------------------
---------------------------------------------------------------------------------
Start Final Netlist Cleanup
---------------------------------------------------------------------------------
---------------------------------------------------------------------------------
Finished Final Netlist Cleanup
---------------------------------------------------------------------------------
---------------------------------------------------------------------------------
Finished IO Insertion : Time (s): cpu = 00:00:24 ; elapsed = 00:00:24 . Memory (MB): peak = 603.297 ; gain = 432.094
---------------------------------------------------------------------------------

Report Check Netlist: 
+------+------------------+-------+---------+-------+------------------+
|      |Item              |Errors |Warnings |Status |Description       |
+------+------------------+-------+---------+-------+------------------+
|1     |multi_driven_nets |      0|        0|Passed |Multi driven nets |
+------+------------------+-------+---------+-------+------------------+
---------------------------------------------------------------------------------
Start Renaming Generated Instances
---------------------------------------------------------------------------------
---------------------------------------------------------------------------------
Finished Renaming Generated Instances : Time (s): cpu = 00:00:24 ; elapsed = 00:00:24 . Memory (MB): peak = 603.297 ; gain = 432.094
---------------------------------------------------------------------------------

Report RTL Partitions: 
+-+--------------+------------+----------+
| |RTL Partition |Replication |Instances |
+-+--------------+------------+----------+
+-+--------------+------------+----------+
---------------------------------------------------------------------------------
Start Rebuilding User Hierarchy
---------------------------------------------------------------------------------
---------------------------------------------------------------------------------
Finished Rebuilding User Hierarchy : Time (s): cpu = 00:00:24 ; elapsed = 00:00:24 . Memory (MB): peak = 603.297 ; gain = 432.094
---------------------------------------------------------------------------------
---------------------------------------------------------------------------------
Start Renaming Generated Ports
---------------------------------------------------------------------------------
---------------------------------------------------------------------------------
Finished Renaming Generated Ports : Time (s): cpu = 00:00:24 ; elapsed = 00:00:24 . Memory (MB): peak = 603.297 ; gain = 432.094
---------------------------------------------------------------------------------
---------------------------------------------------------------------------------
Start Handling Custom Attributes
---------------------------------------------------------------------------------
---------------------------------------------------------------------------------
Finished Handling Custom Attributes : Time (s): cpu = 00:00:24 ; elapsed = 00:00:24 . Memory (MB): peak = 603.297 ; gain = 432.094
---------------------------------------------------------------------------------
---------------------------------------------------------------------------------
Start Renaming Generated Nets
---------------------------------------------------------------------------------
---------------------------------------------------------------------------------
Finished Renaming Generated Nets : Time (s): cpu = 00:00:24 ; elapsed = 00:00:24 . Memory (MB): peak = 603.297 ; gain = 432.094
---------------------------------------------------------------------------------
---------------------------------------------------------------------------------
Start Writing Synthesis Report
---------------------------------------------------------------------------------

Report BlackBoxes: 
+-+--------------+----------+
| |BlackBox name |Instances |
+-+--------------+----------+
+-+--------------+----------+

Report Cell Usage: 
+------+---------+------+
|      |Cell     |Count |
+------+---------+------+
|1     |BUFG     |     2|
|2     |CARRY4   |    23|
|3     |LUT1     |    59|
|4     |LUT2     |    51|
|5     |LUT3     |     5|
|6     |LUT4     |    49|
|7     |LUT5     |    45|
|8     |LUT6     |    97|
|9     |MUXF7    |     4|
|10    |RAM16X1S |    16|
|11    |RAM32M   |     6|
|12    |FDCE     |    28|
|13    |FDRE     |   118|
|14    |FDSE     |     1|
|15    |IBUF     |     2|
|16    |OBUF     |    16|
+------+---------+------+

Report Instance Areas: 
+------+---------------------+----------------+------+
|      |Instance             |Module          |Cells |
+------+---------------------+----------------+------+
|1     |top                  |                |   522|
|2     |  dec                |decoder         |    57|
|3     |  uut_alu            |alu             |    59|
|4     |  uut_clockingmodule |ClockingModule  |    96|
|5     |  uut_controlunit    |controlunit     |    12|
|6     |  uut_pc             |program_counter |    53|
|7     |  uut_ram            |reg16_8         |   177|
|8     |  uut_ram16          |ram16           |    33|
+------+---------------------+----------------+------+
---------------------------------------------------------------------------------
Finished Writing Synthesis Report : Time (s): cpu = 00:00:24 ; elapsed = 00:00:24 . Memory (MB): peak = 603.297 ; gain = 432.094
---------------------------------------------------------------------------------
Synthesis finished with 0 errors, 0 critical warnings and 15 warnings.
Synthesis Optimization Runtime : Time (s): cpu = 00:00:15 ; elapsed = 00:00:19 . Memory (MB): peak = 603.297 ; gain = 109.332
Synthesis Optimization Complete : Time (s): cpu = 00:00:24 ; elapsed = 00:00:25 . Memory (MB): peak = 603.297 ; gain = 432.094
INFO: [Project 1-571] Translating synthesized netlist
INFO: [Netlist 29-17] Analyzing 47 Unisim elements for replacement
INFO: [Netlist 29-28] Unisim Transformation completed in 0 CPU seconds
INFO: [Project 1-570] Preparing netlist for logic optimization
INFO: [Opt 31-138] Pushed 0 inverter(s) to 0 load pin(s).
INFO: [Project 1-111] Unisim Transformation Summary:
  A total of 22 instances were transformed.
  RAM16X1S => RAM32X1S (RAMS32): 16 instances
  RAM32M => RAM32M (RAMD32, RAMD32, RAMD32, RAMD32, RAMD32, RAMD32, RAMS32, RAMS32): 6 instances

INFO: [Common 17-83] Releasing license: Synthesis
52 Infos, 23 Warnings, 0 Critical Warnings and 0 Errors encountered.
synth_design completed successfully
synth_design: Time (s): cpu = 00:00:23 ; elapsed = 00:00:23 . Memory (MB): peak = 603.297 ; gain = 398.020
report_utilization: Time (s): cpu = 00:00:00 ; elapsed = 00:00:00.017 . Memory (MB): peak = 603.297 ; gain = 0.000
INFO: [Common 17-206] Exiting Vivado at Thu May 10 21:40:36 2018...
